[2023-04-18 07:16:49,455] {taskinstance.py:1159} INFO - Dependencies all met for <TaskInstance: multi_attack_dag.attack_ProjectedGradientDescent manual__2023-04-18T07:11:21.774886+00:00 [queued]>
[2023-04-18 07:16:49,480] {taskinstance.py:1159} INFO - Dependencies all met for <TaskInstance: multi_attack_dag.attack_ProjectedGradientDescent manual__2023-04-18T07:11:21.774886+00:00 [queued]>
[2023-04-18 07:16:49,481] {taskinstance.py:1356} INFO - 
--------------------------------------------------------------------------------
[2023-04-18 07:16:49,482] {taskinstance.py:1357} INFO - Starting attempt 2 of 2
[2023-04-18 07:16:49,483] {taskinstance.py:1358} INFO - 
--------------------------------------------------------------------------------
[2023-04-18 07:16:49,510] {taskinstance.py:1377} INFO - Executing <Task(PythonOperator): attack_ProjectedGradientDescent> on 2023-04-18 07:11:21.774886+00:00
[2023-04-18 07:16:49,519] {standard_task_runner.py:52} INFO - Started process 3281 to run task
[2023-04-18 07:16:49,526] {standard_task_runner.py:79} INFO - Running: ['***', 'tasks', 'run', 'multi_attack_dag', 'attack_ProjectedGradientDescent', 'manual__2023-04-18T07:11:21.774886+00:00', '--job-id', '5560', '--raw', '--subdir', 'DAGS_FOLDER/attack_dag.py', '--cfg-path', '/tmp/tmpadut2vor', '--error-file', '/tmp/tmpovy93_jy']
[2023-04-18 07:16:49,528] {standard_task_runner.py:80} INFO - Job 5560: Subtask attack_ProjectedGradientDescent
[2023-04-18 07:16:49,620] {task_command.py:369} INFO - Running <TaskInstance: multi_attack_dag.attack_ProjectedGradientDescent manual__2023-04-18T07:11:21.774886+00:00 [running]> on host a3dd7d962104
[2023-04-18 07:16:49,750] {taskinstance.py:1571} INFO - Exporting the following env vars:
AIRFLOW_CTX_DAG_OWNER=***
AIRFLOW_CTX_DAG_ID=multi_attack_dag
AIRFLOW_CTX_TASK_ID=attack_ProjectedGradientDescent
AIRFLOW_CTX_EXECUTION_DATE=2023-04-18T07:11:21.774886+00:00
AIRFLOW_CTX_TRY_NUMBER=2
AIRFLOW_CTX_DAG_RUN_ID=manual__2023-04-18T07:11:21.774886+00:00
[2023-04-18 07:16:49,755] {transport.py:157} INFO - Attempting refresh to obtain initial access_token
[2023-04-18 07:16:49,762] {client.py:777} INFO - Refreshing access_token
[2023-04-18 07:16:55,858] {pytorch.py:1198} INFO - Inferred 5 hidden layers on PyTorch classifier.
[2023-04-18 07:16:58,442] {transport.py:157} INFO - Attempting refresh to obtain initial access_token
[2023-04-18 07:16:58,445] {client.py:777} INFO - Refreshing access_token
[2023-04-18 07:16:59,611] {projected_gradient_descent.py:199} INFO - Creating adversarial samples.
[2023-04-18 07:16:59,631] {taskinstance.py:1889} ERROR - Task failed with exception
Traceback (most recent call last):
  File "/home/airflow/.local/lib/python3.7/site-packages/airflow/operators/python.py", line 171, in execute
    return_value = self.execute_callable()
  File "/home/airflow/.local/lib/python3.7/site-packages/airflow/operators/python.py", line 189, in execute_callable
    return self.python_callable(*self.op_args, **self.op_kwargs)
  File "/opt/airflow/dags/attack_dag.py", line 139, in attack_ProjectedGradientDescent
    model_acc,adversarial_examples = attack(ProjectedGradientDescent)
  File "/opt/airflow/dags/attack_dag.py", line 165, in attack
    adversarial_examples = wrap_attack.generate(np.asarray(x_test))
  File "/home/airflow/.local/lib/python3.7/site-packages/art/attacks/evasion/projected_gradient_descent/projected_gradient_descent.py", line 200, in generate
    return self._attack.generate(x=x, y=y, **kwargs)
  File "/home/airflow/.local/lib/python3.7/site-packages/art/attacks/evasion/projected_gradient_descent/projected_gradient_descent_pytorch.py", line 154, in generate
    targets = self._set_targets(x, y)
  File "/home/airflow/.local/lib/python3.7/site-packages/art/attacks/evasion/projected_gradient_descent/projected_gradient_descent_numpy.py", line 171, in _set_targets
    targets = get_labels_np_array(self.estimator.predict(x, batch_size=self.batch_size))
  File "/home/airflow/.local/lib/python3.7/site-packages/art/estimators/classification/classifier.py", line 73, in replacement_function
    return fdict[func_name](self, *args, **kwargs)
  File "/home/airflow/.local/lib/python3.7/site-packages/art/estimators/classification/pytorch.py", line 331, in predict
    model_outputs = self._model(torch.from_numpy(x_preprocessed[begin:end]).to(self._device))
  File "/home/airflow/.local/lib/python3.7/site-packages/torch/nn/modules/module.py", line 1194, in _call_impl
    return forward_call(*input, **kwargs)
  File "/home/airflow/.local/lib/python3.7/site-packages/art/estimators/classification/pytorch.py", line 1165, in forward
    x = self._model(x)
  File "/home/airflow/.local/lib/python3.7/site-packages/torch/nn/modules/module.py", line 1194, in _call_impl
    return forward_call(*input, **kwargs)
  File "/opt/airflow/dags/Model_Factory.py", line 27, in forward
    out = self.relu(self.input_layer(x))
  File "/home/airflow/.local/lib/python3.7/site-packages/torch/nn/modules/module.py", line 1194, in _call_impl
    return forward_call(*input, **kwargs)
  File "/home/airflow/.local/lib/python3.7/site-packages/torch/nn/modules/linear.py", line 114, in forward
    return F.linear(input, self.weight, self.bias)
RuntimeError: mat1 and mat2 must have the same dtype
[2023-04-18 07:16:59,654] {taskinstance.py:1400} INFO - Marking task as FAILED. dag_id=multi_attack_dag, task_id=attack_ProjectedGradientDescent, execution_date=20230418T071121, start_date=20230418T071649, end_date=20230418T071659
[2023-04-18 07:16:59,684] {standard_task_runner.py:97} ERROR - Failed to execute job 5560 for task attack_ProjectedGradientDescent (mat1 and mat2 must have the same dtype; 3281)
[2023-04-18 07:16:59,704] {local_task_job.py:221} WARNING - State of this instance has been externally set to failed. Terminating instance.
[2023-04-18 07:16:59,707] {process_utils.py:129} INFO - Sending Signals.SIGTERM to group 3281. PIDs of all processes in the group: [3281]
[2023-04-18 07:16:59,708] {process_utils.py:80} INFO - Sending the signal Signals.SIGTERM to group 3281
[2023-04-18 07:16:59,711] {process_utils.py:75} INFO - Process psutil.Process(pid=3281, status='terminated', exitcode=1, started='07:16:48') (3281) terminated with exit code 1
