[2023-03-23 07:55:02,943] {taskinstance.py:1159} INFO - Dependencies all met for <TaskInstance: defence_dag2.to_attack scheduled__2023-03-19T00:00:00+00:00 [queued]>
[2023-03-23 07:55:02,957] {taskinstance.py:1159} INFO - Dependencies all met for <TaskInstance: defence_dag2.to_attack scheduled__2023-03-19T00:00:00+00:00 [queued]>
[2023-03-23 07:55:02,957] {taskinstance.py:1356} INFO - 
--------------------------------------------------------------------------------
[2023-03-23 07:55:02,958] {taskinstance.py:1357} INFO - Starting attempt 1 of 1
[2023-03-23 07:55:02,958] {taskinstance.py:1358} INFO - 
--------------------------------------------------------------------------------
[2023-03-23 07:55:02,979] {taskinstance.py:1377} INFO - Executing <Task(BranchPythonOperator): to_attack> on 2023-03-19 00:00:00+00:00
[2023-03-23 07:55:02,985] {standard_task_runner.py:52} INFO - Started process 106 to run task
[2023-03-23 07:55:02,993] {standard_task_runner.py:79} INFO - Running: ['***', 'tasks', 'run', 'defence_dag2', 'to_attack', 'scheduled__2023-03-19T00:00:00+00:00', '--job-id', '2148', '--raw', '--subdir', 'DAGS_FOLDER/defese.py', '--cfg-path', '/tmp/tmp_lhzncdu', '--error-file', '/tmp/tmpmiwfiu1_']
[2023-03-23 07:55:02,995] {standard_task_runner.py:80} INFO - Job 2148: Subtask to_attack
[2023-03-23 07:55:03,079] {task_command.py:369} INFO - Running <TaskInstance: defence_dag2.to_attack scheduled__2023-03-19T00:00:00+00:00 [running]> on host 6447f1dacd32
[2023-03-23 07:55:03,188] {taskinstance.py:1571} INFO - Exporting the following env vars:
AIRFLOW_CTX_DAG_OWNER=***
AIRFLOW_CTX_DAG_ID=defence_dag2
AIRFLOW_CTX_TASK_ID=to_attack
AIRFLOW_CTX_EXECUTION_DATE=2023-03-19T00:00:00+00:00
AIRFLOW_CTX_TRY_NUMBER=1
AIRFLOW_CTX_DAG_RUN_ID=scheduled__2023-03-19T00:00:00+00:00
[2023-03-23 07:55:03,191] {taskinstance.py:1889} ERROR - Task failed with exception
Traceback (most recent call last):
  File "/home/airflow/.local/lib/python3.7/site-packages/airflow/operators/python.py", line 207, in execute
    branch = super().execute(context)
  File "/home/airflow/.local/lib/python3.7/site-packages/airflow/operators/python.py", line 171, in execute
    return_value = self.execute_callable()
  File "/home/airflow/.local/lib/python3.7/site-packages/airflow/operators/python.py", line 189, in execute_callable
    return self.python_callable(*self.op_args, **self.op_kwargs)
  File "/opt/airflow/dags/defese.py", line 39, in to_attack
    cycles = get_counter().cycles
  File "/opt/airflow/dags/defese.py", line 25, in get_counter
    os.environ["DONT_PICKLE"] = False
  File "/usr/local/lib/python3.7/os.py", line 686, in __setitem__
    value = self.encodevalue(value)
  File "/usr/local/lib/python3.7/os.py", line 756, in encode
    raise TypeError("str expected, not %s" % type(value).__name__)
TypeError: str expected, not bool
[2023-03-23 07:55:03,244] {taskinstance.py:1400} INFO - Marking task as FAILED. dag_id=defence_dag2, task_id=to_attack, execution_date=20230319T000000, start_date=20230323T075502, end_date=20230323T075503
[2023-03-23 07:55:03,268] {standard_task_runner.py:97} ERROR - Failed to execute job 2148 for task to_attack (str expected, not bool; 106)
[2023-03-23 07:55:03,283] {local_task_job.py:156} INFO - Task exited with return code 1
[2023-03-23 07:55:03,385] {local_task_job.py:273} INFO - 0 downstream tasks scheduled from follow-on schedule check
