[2023-04-18 06:46:52,698] {taskinstance.py:1159} INFO - Dependencies all met for <TaskInstance: multi_attack_dag.attack_ProjectedGradientDescent manual__2023-04-18T06:38:42.265291+00:00 [queued]>
[2023-04-18 06:46:52,718] {taskinstance.py:1159} INFO - Dependencies all met for <TaskInstance: multi_attack_dag.attack_ProjectedGradientDescent manual__2023-04-18T06:38:42.265291+00:00 [queued]>
[2023-04-18 06:46:52,718] {taskinstance.py:1356} INFO - 
--------------------------------------------------------------------------------
[2023-04-18 06:46:52,719] {taskinstance.py:1357} INFO - Starting attempt 2 of 2
[2023-04-18 06:46:52,720] {taskinstance.py:1358} INFO - 
--------------------------------------------------------------------------------
[2023-04-18 06:46:52,741] {taskinstance.py:1377} INFO - Executing <Task(PythonOperator): attack_ProjectedGradientDescent> on 2023-04-18 06:38:42.265291+00:00
[2023-04-18 06:46:52,752] {standard_task_runner.py:52} INFO - Started process 1743 to run task
[2023-04-18 06:46:52,764] {standard_task_runner.py:79} INFO - Running: ['***', 'tasks', 'run', 'multi_attack_dag', 'attack_ProjectedGradientDescent', 'manual__2023-04-18T06:38:42.265291+00:00', '--job-id', '5516', '--raw', '--subdir', 'DAGS_FOLDER/attack_dag.py', '--cfg-path', '/tmp/tmp8yiasgqu', '--error-file', '/tmp/tmp3dp11jpa']
[2023-04-18 06:46:52,768] {standard_task_runner.py:80} INFO - Job 5516: Subtask attack_ProjectedGradientDescent
[2023-04-18 06:46:52,863] {task_command.py:369} INFO - Running <TaskInstance: multi_attack_dag.attack_ProjectedGradientDescent manual__2023-04-18T06:38:42.265291+00:00 [running]> on host a3dd7d962104
[2023-04-18 06:46:52,982] {taskinstance.py:1571} INFO - Exporting the following env vars:
AIRFLOW_CTX_DAG_OWNER=***
AIRFLOW_CTX_DAG_ID=multi_attack_dag
AIRFLOW_CTX_TASK_ID=attack_ProjectedGradientDescent
AIRFLOW_CTX_EXECUTION_DATE=2023-04-18T06:38:42.265291+00:00
AIRFLOW_CTX_TRY_NUMBER=2
AIRFLOW_CTX_DAG_RUN_ID=manual__2023-04-18T06:38:42.265291+00:00
[2023-04-18 06:46:52,987] {transport.py:157} INFO - Attempting refresh to obtain initial access_token
[2023-04-18 06:46:52,994] {client.py:777} INFO - Refreshing access_token
[2023-04-18 06:46:53,635] {transport.py:157} INFO - Attempting refresh to obtain initial access_token
[2023-04-18 06:46:53,638] {client.py:777} INFO - Refreshing access_token
[2023-04-18 06:46:54,337] {transport.py:157} INFO - Attempting refresh to obtain initial access_token
[2023-04-18 06:46:54,341] {client.py:777} INFO - Refreshing access_token
[2023-04-18 06:46:54,916] {pytorch.py:1198} INFO - Inferred 5 hidden layers on PyTorch classifier.
[2023-04-18 06:46:54,929] {transport.py:157} INFO - Attempting refresh to obtain initial access_token
[2023-04-18 06:46:54,932] {client.py:777} INFO - Refreshing access_token
[2023-04-18 06:47:53,844] {warnings.py:110} WARNING - /opt/***/dags/attack_dag.py:161: VisibleDeprecationWarning: Creating an ndarray from ragged nested sequences (which is a list-or-tuple of lists-or-tuples-or ndarrays with different lengths or shapes) is deprecated. If you meant to do this, you must specify 'dtype=object' when creating the ndarray.
  adversarial_examples = wrap_attack.generate(np.asarray(x_test))

[2023-04-18 06:47:53,845] {taskinstance.py:1889} ERROR - Task failed with exception
Traceback (most recent call last):
  File "/home/airflow/.local/lib/python3.7/site-packages/airflow/operators/python.py", line 171, in execute
    return_value = self.execute_callable()
  File "/home/airflow/.local/lib/python3.7/site-packages/airflow/operators/python.py", line 189, in execute_callable
    return self.python_callable(*self.op_args, **self.op_kwargs)
  File "/opt/airflow/dags/attack_dag.py", line 135, in attack_ProjectedGradientDescent
    model_acc,adversarial_examples = attack(ProjectedGradientDescent)
  File "/opt/airflow/dags/attack_dag.py", line 161, in attack
    adversarial_examples = wrap_attack.generate(np.asarray(x_test))
ValueError: could not broadcast input array from shape (1000,784) into shape (1000,)
[2023-04-18 06:47:53,862] {taskinstance.py:1400} INFO - Marking task as FAILED. dag_id=multi_attack_dag, task_id=attack_ProjectedGradientDescent, execution_date=20230418T063842, start_date=20230418T064652, end_date=20230418T064753
[2023-04-18 06:47:53,883] {standard_task_runner.py:97} ERROR - Failed to execute job 5516 for task attack_ProjectedGradientDescent (could not broadcast input array from shape (1000,784) into shape (1000,); 1743)
[2023-04-18 06:47:53,955] {local_task_job.py:156} INFO - Task exited with return code 1
[2023-04-18 06:47:54,015] {local_task_job.py:273} INFO - 0 downstream tasks scheduled from follow-on schedule check
